Loading plugins phase: Elapsed time ==> 0s.354ms
<CYPRESSTAG name="CyDsfit arguments...">
cydsfit arguments: -.fdsnotice -.fdswarpdepfile=warp_dependencies.txt -.fdselabdepfile=elab_dependencies.txt -.fdsbldfile=generated_files.txt -.fdsreffile=referenced_files.txt -p D:\cypress\client\shanghai kinetic\software\0320\Design01.cydsn\Design01.cyprj -d CY8C6347BZI-BLD53 -s D:\cypress\client\shanghai kinetic\software\0320\Design01.cydsn\Generated_Source\PSoC6 -- -yv2 -q10 -ygs -o2 -v3 -.fftcfgtype=LE
</CYPRESSTAG>
ADD: fit.M0067: information: Clock Information: (The WCO is enabled. Chip startup will be slower because clock configuration cannot continue until the WCO is ready. See the device datasheet for WCO startup timing. If WCO is not required during startup, consider starting it in main() for faster chip startup.).
 * D:\cypress\client\shanghai kinetic\software\0320\Design01.cydsn\Design01.cydwr (WCO)

<CYPRESSTAG name="Design elaboration results...">
</CYPRESSTAG>
Elaboration phase: Elapsed time ==> 4s.542ms
<CYPRESSTAG name="HDL generation results...">
</CYPRESSTAG>
HDL generation phase: Elapsed time ==> 0s.120ms
<CYPRESSTAG name="Synthesis results...">

     | | | | | | |
   _________________
  -|               |-
  -|               |-
  -|               |-
  -|    CYPRESS    |-
  -|               |-
  -|               |-   Warp Verilog Synthesis Compiler: Version 6.3 IR 41
  -|               |-   Copyright (C) 1991-2001 Cypress Semiconductor
   |_______________|
     | | | | | | |

======================================================================
Compiling:  Design01.v
Program  :   C:\Program Files (x86)\Cypress\PSoC Creator\4.3\PSoC Creator\warp\bin\warp.exe
Options  :    -yv2 -q10 -ygs -o2 -v3 -.fftcfgtype=LE -ya -.fftprj=D:\cypress\client\shanghai kinetic\software\0320\Design01.cydsn\Design01.cyprj -dcpsoc3 Design01.v -verilog
======================================================================

======================================================================
Compiling:  Design01.v
Program  :   C:\Program Files (x86)\Cypress\PSoC Creator\4.3\PSoC Creator\warp\bin\warp.exe
Options  :    -yv2 -q10 -ygs -o2 -v3 -.fftcfgtype=LE -ya -.fftprj=D:\cypress\client\shanghai kinetic\software\0320\Design01.cydsn\Design01.cyprj -dcpsoc3 Design01.v -verilog
======================================================================

======================================================================
Compiling:  Design01.v
Program  :   vlogfe
Options  :    -yv2 -q10 -ygs -o2 -v3 -.fftcfgtype=LE -ya -.fftprj=D:\cypress\client\shanghai kinetic\software\0320\Design01.cydsn\Design01.cyprj -dcpsoc3 -verilog Design01.v
======================================================================

vlogfe V6.3 IR 41:  Verilog parser
Wed May 06 15:17:18 2020


======================================================================
Compiling:  Design01.v
Program  :   vpp
Options  :    -yv2 -q10 Design01.v
======================================================================

vpp V6.3 IR 41:  Verilog Pre-Processor
Wed May 06 15:17:18 2020

Flattening file 'C:\Program Files (x86)\Cypress\PSoC Creator\4.3\PSoC Creator\psoc\content\CyPrimitives\cyprimitives.cylib\cy_analog_virtualmux_v1_0\cy_analog_virtualmux_v1_0.v'
Flattening file 'C:\Program Files (x86)\Cypress\PSoC Creator\4.3\PSoC Creator\psoc\content\CyComponentLibrary\CyComponentLibrary.cylib\Bus_Connect_v2_50\Bus_Connect_v2_50.v'
Flattening file 'C:\Program Files (x86)\Cypress\PSoC Creator\4.3\PSoC Creator\warp\lib\common\cypress.v'
Flattening file 'C:\Program Files (x86)\Cypress\PSoC Creator\4.3\PSoC Creator\warp\lib\common\cy_psoc3_inc.v'
Flattening file 'C:\Program Files (x86)\Cypress\PSoC Creator\4.3\PSoC Creator\psoc\content\CyPrimitives\cyprimitives.cylib\ZeroTerminal\ZeroTerminal.v'
Flattening file 'C:\Program Files (x86)\Cypress\PSoC Creator\4.3\PSoC Creator\psoc\content\CyPrimitives\cyprimitives.cylib\cy_virtualmux_v1_0\cy_virtualmux_v1_0.v'
Flattening file 'C:\Program Files (x86)\Cypress\PSoC Creator\4.3\PSoC Creator\psoc\content\CyPrimitives\cyprimitives.cylib\or_v1_0\or_v1_0.v'
Flattening file 'C:\Program Files (x86)\Cypress\PSoC Creator\4.3\PSoC Creator\psoc\content\CyPrimitives\cyprimitives.cylib\cy_vref_v1_70\cy_vref_v1_70.v'
Flattening file 'C:\Program Files (x86)\Cypress\PSoC Creator\4.3\PSoC Creator\psoc\content\CyPrimitives\cyprimitives.cylib\cy_constant_v1_0\cy_constant_v1_0.v'

vpp:  No errors.

Library 'work' => directory 'lcpsoc3'
General_symbol_table
General_symbol_table
Linking 'C:\Program Files (x86)\Cypress\PSoC Creator\4.3\PSoC Creator\warp\lib\common\std.vhd'.
Linking 'C:\Program Files (x86)\Cypress\PSoC Creator\4.3\PSoC Creator\warp\lib\common\cypress.vhd'.
Linking 'C:\Program Files (x86)\Cypress\PSoC Creator\4.3\PSoC Creator\warp\lib\common\work\cypress.vif'.
Linking 'C:\Program Files (x86)\Cypress\PSoC Creator\4.3\PSoC Creator\warp\lib\ieee\work\stdlogic.vif'.
Linking 'C:\Program Files (x86)\Cypress\PSoC Creator\4.3\PSoC Creator\warp\lib\common\stdlogic\lpmpkg.vif'.
Linking 'C:\Program Files (x86)\Cypress\PSoC Creator\4.3\PSoC Creator\warp\lib\common\stdlogic\rtlpkg.vif'.
Linking 'C:\Program Files (x86)\Cypress\PSoC Creator\4.3\PSoC Creator\warp\lib\common\stdlogic\mod_cnst.vif'.
Linking 'C:\Program Files (x86)\Cypress\PSoC Creator\4.3\PSoC Creator\warp\lib\common\stdlogic\mod_mthv.vif'.
Linking 'C:\Program Files (x86)\Cypress\PSoC Creator\4.3\PSoC Creator\warp\lib\common\stdlogic\mod_genv.vif'.
Using control file 'Design01.ctl'.

vlogfe:  No errors.


======================================================================
Compiling:  Design01.v
Program  :   tovif
Options  :    -yv2 -q10 -ygs -o2 -v3 -.fftcfgtype=LE -ya -.fftprj=D:\cypress\client\shanghai kinetic\software\0320\Design01.cydsn\Design01.cyprj -dcpsoc3 -verilog Design01.v
======================================================================

tovif V6.3 IR 41:  High-level synthesis
Wed May 06 15:17:20 2020

Linking 'C:\Program Files (x86)\Cypress\PSoC Creator\4.3\PSoC Creator\warp\lib\common\std.vhd'.
Linking 'C:\Program Files (x86)\Cypress\PSoC Creator\4.3\PSoC Creator\warp\lib\common\cypress.vhd'.
Linking 'C:\Program Files (x86)\Cypress\PSoC Creator\4.3\PSoC Creator\warp\lib\common\work\cypress.vif'.
Linking 'C:\Program Files (x86)\Cypress\PSoC Creator\4.3\PSoC Creator\warp\lib\ieee\work\stdlogic.vif'.
Linking 'C:\Program Files (x86)\Cypress\PSoC Creator\4.3\PSoC Creator\warp\lib\common\stdlogic\lpmpkg.vif'.
Linking 'C:\Program Files (x86)\Cypress\PSoC Creator\4.3\PSoC Creator\warp\lib\common\stdlogic\rtlpkg.vif'.
Linking 'C:\Program Files (x86)\Cypress\PSoC Creator\4.3\PSoC Creator\warp\lib\common\stdlogic\mod_cnst.vif'.
Linking 'C:\Program Files (x86)\Cypress\PSoC Creator\4.3\PSoC Creator\warp\lib\common\stdlogic\mod_mthv.vif'.
Linking 'C:\Program Files (x86)\Cypress\PSoC Creator\4.3\PSoC Creator\warp\lib\common\stdlogic\mod_genv.vif'.
Linking 'D:\cypress\client\shanghai kinetic\software\0320\Design01.cydsn\codegentemp\Design01.ctl'.
Linking 'C:\Program Files (x86)\Cypress\PSoC Creator\4.3\PSoC Creator\psoc\content\CyPrimitives\cyprimitives.cylib\cy_analog_virtualmux_v1_0\cy_analog_virtualmux_v1_0.v'.
Linking 'D:\cypress\client\shanghai kinetic\software\0320\Design01.cydsn\codegentemp\Design01.v'.
Linking 'C:\Program Files (x86)\Cypress\PSoC Creator\4.3\PSoC Creator\psoc\content\CyComponentLibrary\CyComponentLibrary.cylib\Bus_Connect_v2_50\Bus_Connect_v2_50.v'.
Linking 'C:\Program Files (x86)\Cypress\PSoC Creator\4.3\PSoC Creator\warp\lib\common\cypress.v'.
Linking 'C:\Program Files (x86)\Cypress\PSoC Creator\4.3\PSoC Creator\warp\lib\common\cy_psoc3_inc.v'.
Linking 'C:\Program Files (x86)\Cypress\PSoC Creator\4.3\PSoC Creator\psoc\content\CyPrimitives\cyprimitives.cylib\ZeroTerminal\ZeroTerminal.v'.
Linking 'C:\Program Files (x86)\Cypress\PSoC Creator\4.3\PSoC Creator\psoc\content\CyPrimitives\cyprimitives.cylib\cy_virtualmux_v1_0\cy_virtualmux_v1_0.v'.
Linking 'C:\Program Files (x86)\Cypress\PSoC Creator\4.3\PSoC Creator\psoc\content\CyPrimitives\cyprimitives.cylib\or_v1_0\or_v1_0.v'.
Linking 'C:\Program Files (x86)\Cypress\PSoC Creator\4.3\PSoC Creator\psoc\content\CyPrimitives\cyprimitives.cylib\cy_vref_v1_70\cy_vref_v1_70.v'.
Linking 'C:\Program Files (x86)\Cypress\PSoC Creator\4.3\PSoC Creator\psoc\content\CyPrimitives\cyprimitives.cylib\cy_constant_v1_0\cy_constant_v1_0.v'.

tovif:  No errors.


======================================================================
Compiling:  Design01.v
Program  :   topld
Options  :    -yv2 -q10 -ygs -o2 -v3 -.fftcfgtype=LE -ya -.fftprj=D:\cypress\client\shanghai kinetic\software\0320\Design01.cydsn\Design01.cyprj -dcpsoc3 -verilog Design01.v
======================================================================

topld V6.3 IR 41:  Synthesis and optimization
Wed May 06 15:17:20 2020

Linking 'C:\Program Files (x86)\Cypress\PSoC Creator\4.3\PSoC Creator\warp\lib\common\std.vhd'.
Linking 'C:\Program Files (x86)\Cypress\PSoC Creator\4.3\PSoC Creator\warp\lib\common\cypress.vhd'.
Linking 'C:\Program Files (x86)\Cypress\PSoC Creator\4.3\PSoC Creator\warp\lib\common\work\cypress.vif'.
Linking 'C:\Program Files (x86)\Cypress\PSoC Creator\4.3\PSoC Creator\warp\lib\ieee\work\stdlogic.vif'.
Linking 'C:\Program Files (x86)\Cypress\PSoC Creator\4.3\PSoC Creator\warp\lib\common\stdlogic\lpmpkg.vif'.
Linking 'C:\Program Files (x86)\Cypress\PSoC Creator\4.3\PSoC Creator\warp\lib\common\stdlogic\rtlpkg.vif'.
Linking 'C:\Program Files (x86)\Cypress\PSoC Creator\4.3\PSoC Creator\warp\lib\common\stdlogic\mod_cnst.vif'.
Linking 'C:\Program Files (x86)\Cypress\PSoC Creator\4.3\PSoC Creator\warp\lib\common\stdlogic\mod_mthv.vif'.
Linking 'C:\Program Files (x86)\Cypress\PSoC Creator\4.3\PSoC Creator\warp\lib\common\stdlogic\mod_genv.vif'.
Linking 'D:\cypress\client\shanghai kinetic\software\0320\Design01.cydsn\codegentemp\Design01.ctl'.
Linking 'C:\Program Files (x86)\Cypress\PSoC Creator\4.3\PSoC Creator\psoc\content\CyPrimitives\cyprimitives.cylib\cy_analog_virtualmux_v1_0\cy_analog_virtualmux_v1_0.v'.
Linking 'D:\cypress\client\shanghai kinetic\software\0320\Design01.cydsn\codegentemp\Design01.v'.
Linking 'C:\Program Files (x86)\Cypress\PSoC Creator\4.3\PSoC Creator\psoc\content\CyComponentLibrary\CyComponentLibrary.cylib\Bus_Connect_v2_50\Bus_Connect_v2_50.v'.
Linking 'C:\Program Files (x86)\Cypress\PSoC Creator\4.3\PSoC Creator\warp\lib\common\cypress.v'.
Linking 'C:\Program Files (x86)\Cypress\PSoC Creator\4.3\PSoC Creator\warp\lib\common\cy_psoc3_inc.v'.
Linking 'C:\Program Files (x86)\Cypress\PSoC Creator\4.3\PSoC Creator\psoc\content\CyPrimitives\cyprimitives.cylib\ZeroTerminal\ZeroTerminal.v'.
Linking 'C:\Program Files (x86)\Cypress\PSoC Creator\4.3\PSoC Creator\psoc\content\CyPrimitives\cyprimitives.cylib\cy_virtualmux_v1_0\cy_virtualmux_v1_0.v'.
Linking 'C:\Program Files (x86)\Cypress\PSoC Creator\4.3\PSoC Creator\psoc\content\CyPrimitives\cyprimitives.cylib\or_v1_0\or_v1_0.v'.
Linking 'C:\Program Files (x86)\Cypress\PSoC Creator\4.3\PSoC Creator\psoc\content\CyPrimitives\cyprimitives.cylib\cy_vref_v1_70\cy_vref_v1_70.v'.
Linking 'C:\Program Files (x86)\Cypress\PSoC Creator\4.3\PSoC Creator\psoc\content\CyPrimitives\cyprimitives.cylib\cy_constant_v1_0\cy_constant_v1_0.v'.
Linking 'C:\Program Files (x86)\Cypress\PSoC Creator\4.3\PSoC Creator\warp\lib\lcpsoc3\stdlogic\cpsoc3.vif'.

----------------------------------------------------------
Detecting unused logic.
----------------------------------------------------------
    User names
	\ADC:Net_34\
	\ADC:Net_33\
	Net_242
	\UART:Net_22\
	\UART:Net_23\
	Net_132
	Net_133
	Net_137
	Net_138
	\I2C:Net_224\
	\I2C:Net_223\


Deleted 11 User equations/components.
Deleted 0 Synthesized equations/components.

------------------------------------------------------
Alias Detection
------------------------------------------------------
Aliasing \ADC:Net_41\ to \ADC:Net_40\
Aliasing \ADC:Net_42\ to \ADC:Net_40\
Aliasing \ADC:Net_43\ to \ADC:Net_40\
Aliasing \ADC:st_sel_1\ to \ADC:Net_40\
Aliasing \ADC:st_sel_0\ to \ADC:Net_40\
Aliasing \ADC:Net_29\ to \ADC:Net_40\
Aliasing zero to \ADC:Net_40\
Aliasing \UART:cts_wire\ to \ADC:Net_40\
Aliasing \I2C:Net_283\ to \ADC:Net_40\
Aliasing \I2C:Net_282\ to \ADC:Net_40\
Aliasing \I2C:Net_281\ to \ADC:Net_40\
Aliasing \I2C:Net_280\ to \ADC:Net_40\
Aliasing \I2C:Net_279\ to \ADC:Net_40\
Aliasing \I2C:Net_278\ to \ADC:Net_40\
Removing Lhs of wire \ADC:Net_41\[23] = \ADC:Net_40\[22]
Removing Lhs of wire \ADC:Net_42\[24] = \ADC:Net_40\[22]
Removing Lhs of wire \ADC:Net_43\[25] = \ADC:Net_40\[22]
Removing Lhs of wire \ADC:st_sel_1\[26] = \ADC:Net_40\[22]
Removing Lhs of wire \ADC:st_sel_0\[27] = \ADC:Net_40\[22]
Removing Lhs of wire \ADC:sarClock\[28] = \ADC:Net_428\[9]
Removing Lhs of wire \ADC:Net_415\[29] = \ADC:Net_40\[22]
Removing Lhs of wire \ADC:Net_29\[30] = \ADC:Net_40\[22]
Removing Rhs of wire zero[628] = \ADC:Net_40\[22]
Removing Lhs of wire \UART:clock_wire\[638] = \UART:Net_847\[637]
Removing Lhs of wire \UART:rx_wire\[641] = Net_50[642]
Removing Lhs of wire \UART:cts_wire\[643] = zero[628]
Removing Rhs of wire Net_44[662] = \UART:tx_wire\[647]
Removing Rhs of wire \I2C:clock_wire\[668] = \I2C:Net_847\[693]
Removing Lhs of wire \I2C:Net_283\[669] = zero[628]
Removing Lhs of wire \I2C:Net_282\[672] = zero[628]
Removing Lhs of wire \I2C:Net_281\[677] = zero[628]
Removing Lhs of wire \I2C:Net_280\[682] = zero[628]
Removing Lhs of wire \I2C:Net_279\[684] = zero[628]
Removing Lhs of wire \I2C:Net_278\[685] = zero[628]

------------------------------------------------------
Aliased 0 equations, 20 wires.
------------------------------------------------------

----------------------------------------------------------
Circuit simplification
----------------------------------------------------------

Substituting virtuals - pass 1:


----------------------------------------------------------
Circuit simplification results:

	Expanded 0 signals.
	Turned 0 signals into soft nodes.
	Maximum default expansion cost was set at 3.
----------------------------------------------------------

topld:  No errors.

CYPRESS_DIR    : C:\Program Files (x86)\Cypress\PSoC Creator\4.3\PSoC Creator\warp
Warp Program   : C:\Program Files (x86)\Cypress\PSoC Creator\4.3\PSoC Creator\warp\bin\warp.exe
Warp Arguments : -yv2 -q10 -ygs -o2 -v3 -.fftcfgtype=LE -ya "-.fftprj=D:\cypress\client\shanghai kinetic\software\0320\Design01.cydsn\Design01.cyprj" -dcpsoc3 Design01.v -verilog
</CYPRESSTAG>
Warp synthesis phase: Elapsed time ==> 3s.116ms
<CYPRESSTAG name="Fitter results...">
<CYPRESSTAG name="Fitter startup details...">
cyp3fit: V4.3.0.1356, Family: PSoC3, Started at: Wednesday, 06 May 2020 15:17:21
Options: -yv2 -q10 -ygs -o2 -v3 -.fftcfgtype=LE -ya -.fftprj=D:\cypress\client\shanghai kinetic\software\0320\Design01.cydsn\Design01.cyprj -d CY8C6347BZI-BLD53 Design01.v -verilog
</CYPRESSTAG>
<CYPRESSTAG name="Design parsing">
Design parsing phase: Elapsed time ==> 0s.810ms
</CYPRESSTAG>
<CYPRESSTAG name="Tech Mapping">
<CYPRESSTAG name="Initial Mapping" icon="FILE_RPT_TECHM">
<CYPRESSTAG name="Global Clock Selection" icon="FILE_RPT_TECHM">
    Fixed Function Clock 0: Automatic-assigning  clock 'I2C_SCBCLK'. Signal=\I2C:clock_wire_ff0\
    Fixed Function Clock 1: Automatic-assigning  clock 'UART_SCBCLK'. Signal=\UART:Net_847_ff1\
    Fixed Function Clock 49: Automatic-assigning  clock 'ADC_intSarClock'. Signal=\ADC:Net_428_ff49\
<CYPRESSTAG name="UDB Clock/Enable Remapping Results">
</CYPRESSTAG>
</CYPRESSTAG>
Info: plm.M0038: The pin named CY_SRSS_WCO_IN(0) at location P0[0] prevents usage of special purposes: SCB[0].spi_select[1]. (App=cydsfit)
Info: plm.M0038: The pin named CY_SRSS_WCO_OUT(0) at location P0[1] prevents usage of special purposes: SCB[0].spi_select[2]. (App=cydsfit)
Info: plm.M0038: The pin named CY_SRSS_WCO_OUT(0) at location P0[1] prevents usage of special purposes: CPUSS[0].swj_trstn. (App=cydsfit)
Info: plm.M0038: The pin named CY_CPUSS_SWJ_SWCLK_TCLK(0) at location P6[7] prevents usage of special purposes: SCB[6].uart_cts. (App=cydsfit)
Info: plm.M0038: The pin named CY_CPUSS_SWJ_SWCLK_TCLK(0) at location P6[7] prevents usage of special purposes: SCB[6].spi_select[0]. (App=cydsfit)
Info: plm.M0038: The pin named CY_CPUSS_SWJ_SWCLK_TCLK(0) at location P6[7] prevents usage of special purposes: SCB[8].spi_select[0]. (App=cydsfit)
Info: plm.M0038: The pin named CY_CPUSS_SWJ_SWCLK_TCLK(0) at location P6[7] prevents usage of special purposes: SRSS[0].swd_clk. (App=cydsfit)
Info: plm.M0038: The pin named CY_CPUSS_SWJ_SWDIO_TMS(0) at location P6[6] prevents usage of special purposes: SCB[6].uart_rts. (App=cydsfit)
Info: plm.M0038: The pin named CY_CPUSS_SWJ_SWDIO_TMS(0) at location P6[6] prevents usage of special purposes: SCB[6].spi_clk. (App=cydsfit)
Info: plm.M0038: The pin named CY_CPUSS_SWJ_SWDIO_TMS(0) at location P6[6] prevents usage of special purposes: SCB[8].spi_clk. (App=cydsfit)
Info: plm.M0038: The pin named CY_CPUSS_SWJ_SWDIO_TMS(0) at location P6[6] prevents usage of special purposes: SRSS[0].swd_data. (App=cydsfit)

Removing unused cells resulting from optimization
Done removing unused cells.
<CYPRESSTAG name="Duplicate Macrocell detection">
</CYPRESSTAG>
</CYPRESSTAG>
<CYPRESSTAG name="Duplicate Macrocell detection">
</CYPRESSTAG>
<CYPRESSTAG name="Design Equations" icon="FILE_RPT_EQUATION">

------------------------------------------------------------
Design Equations
------------------------------------------------------------
    <CYPRESSTAG name="Pin listing">

    ------------------------------------------------------------
    Pin listing
    ------------------------------------------------------------

    Pin : Name = CY_SRSS_WCO_IN(0)
        Attributes:
            In Group/Port: True
            In Sync Option: AUTO
            Out Sync Option: AUTO
            Interrupt generated: False
            Interrupt mode: NONE
            Drive mode: HI_Z_ANALOG
            VTrip: CMOS
            Slew: FAST
            Input Sync needed: False
            Output Sync needed: False
            SC shield enabled: False
            POR State: INP_DIS_HI_Z
            LCD Mode: COMMON
            Register Mode: RegComb
            CaSense Mode: NEITHER
            Treat as pin: True
            Is OE Registered: False
            Uses Analog: True
            Can contain Digital: True
            Is SIO: False
            SIO Output Buf: NONREGULATED
            SIO Input Buf: SINGLE_ENDED
            SIO HiFreq: LOW
            SIO Hyst: DISABLED
            SIO Vtrip: MULTIPLIER_0_5
            SIO Multiplier Index: 0
            SIO RefSel: VCC_IO
            Required Capabilities: NONE
            Initial Value: 0
            IO Voltage: 0
        PORT MAP (
            pa_out => CY_SRSS_WCO_IN(0)__PA ,
            analog_term => SRSS_wco_in );

    Pin : Name = CY_SRSS_WCO_OUT(0)
        Attributes:
            In Group/Port: True
            In Sync Option: AUTO
            Out Sync Option: AUTO
            Interrupt generated: False
            Interrupt mode: NONE
            Drive mode: HI_Z_ANALOG
            VTrip: CMOS
            Slew: FAST
            Input Sync needed: False
            Output Sync needed: False
            SC shield enabled: False
            POR State: INP_DIS_HI_Z
            LCD Mode: COMMON
            Register Mode: RegComb
            CaSense Mode: NEITHER
            Treat as pin: True
            Is OE Registered: False
            Uses Analog: True
            Can contain Digital: True
            Is SIO: False
            SIO Output Buf: NONREGULATED
            SIO Input Buf: SINGLE_ENDED
            SIO HiFreq: LOW
            SIO Hyst: DISABLED
            SIO Vtrip: MULTIPLIER_0_5
            SIO Multiplier Index: 0
            SIO RefSel: VCC_IO
            Required Capabilities: NONE
            Initial Value: 0
            IO Voltage: 0
        PORT MAP (
            pa_out => CY_SRSS_WCO_OUT(0)__PA ,
            analog_term => SRSS_wco_out );

    Pin : Name = CY_CPUSS_SWJ_SWCLK_TCLK(0)
        Attributes:
            In Group/Port: True
            In Sync Option: AUTO
            Out Sync Option: AUTO
            Interrupt generated: False
            Interrupt mode: NONE
            Drive mode: RES_PULL_DOWN
            VTrip: CMOS
            Slew: FAST
            Input Sync needed: False
            Output Sync needed: False
            SC shield enabled: False
            POR State: INP_DIS_HI_Z
            LCD Mode: COMMON
            Register Mode: RegComb
            CaSense Mode: NEITHER
            Treat as pin: True
            Is OE Registered: False
            Uses Analog: False
            Can contain Digital: True
            Is SIO: False
            SIO Output Buf: NONREGULATED
            SIO Input Buf: SINGLE_ENDED
            SIO HiFreq: LOW
            SIO Hyst: DISABLED
            SIO Vtrip: MULTIPLIER_0_5
            SIO Multiplier Index: 0
            SIO RefSel: VCC_IO
            Required Capabilities: DIGITAL
            Initial Value: 0
            IO Voltage: 0
        PORT MAP (
            pa_out => CY_CPUSS_SWJ_SWCLK_TCLK(0)__PA ,
            fb => CPUSS_swj_swclk_tclk );

    Pin : Name = CY_CPUSS_SWJ_SWDIO_TMS(0)
        Attributes:
            In Group/Port: True
            In Sync Option: AUTO
            Out Sync Option: AUTO
            Interrupt generated: False
            Interrupt mode: NONE
            Drive mode: RES_PULL_UP
            VTrip: CMOS
            Slew: FAST
            Input Sync needed: False
            Output Sync needed: False
            SC shield enabled: False
            POR State: INP_DIS_HI_Z
            LCD Mode: COMMON
            Register Mode: RegComb
            CaSense Mode: NEITHER
            Treat as pin: True
            Is OE Registered: False
            Uses Analog: False
            Can contain Digital: True
            Is SIO: False
            SIO Output Buf: NONREGULATED
            SIO Input Buf: SINGLE_ENDED
            SIO HiFreq: LOW
            SIO Hyst: DISABLED
            SIO Vtrip: MULTIPLIER_0_5
            SIO Multiplier Index: 0
            SIO RefSel: VCC_IO
            Required Capabilities: DIGITAL
            Initial Value: 0
            IO Voltage: 0
        PORT MAP (
            pa_out => CY_CPUSS_SWJ_SWDIO_TMS(0)__PA ,
            fb => CPUSS_swj_swdio_tms );

    Pin : Name = Pin_1(0)
        Attributes:
            In Group/Port: True
            In Sync Option: AUTO
            Out Sync Option: AUTO
            Interrupt generated: False
            Interrupt mode: NONE
            Drive mode: HI_Z_ANALOG
            VTrip: CMOS
            Slew: FAST
            Input Sync needed: False
            Output Sync needed: False
            SC shield enabled: False
            POR State: INP_DIS_HI_Z
            LCD Mode: COMMON
            Register Mode: RegComb
            CaSense Mode: NEITHER
            Treat as pin: True
            Is OE Registered: False
            Uses Analog: True
            Can contain Digital: False
            Is SIO: False
            SIO Output Buf: NONREGULATED
            SIO Input Buf: SINGLE_ENDED
            SIO HiFreq: LOW
            SIO Hyst: DISABLED
            SIO Vtrip: MULTIPLIER_0_5
            SIO Multiplier Index: 0
            SIO RefSel: VCC_IO
            Required Capabilities: ANALOG
            Initial Value: 1
            IO Voltage: 0
        PORT MAP (
            pa_out => Pin_1(0)__PA ,
            analog_term => Net_39 ,
            pad => Pin_1(0)_PAD );
        Properties:
        {
        }

    Pin : Name = Pin_2(0)
        Attributes:
            In Group/Port: True
            In Sync Option: AUTO
            Out Sync Option: AUTO
            Interrupt generated: False
            Interrupt mode: NONE
            Drive mode: HI_Z_ANALOG
            VTrip: CMOS
            Slew: FAST
            Input Sync needed: False
            Output Sync needed: False
            SC shield enabled: False
            POR State: INP_DIS_HI_Z
            LCD Mode: COMMON
            Register Mode: RegComb
            CaSense Mode: NEITHER
            Treat as pin: True
            Is OE Registered: False
            Uses Analog: True
            Can contain Digital: False
            Is SIO: False
            SIO Output Buf: NONREGULATED
            SIO Input Buf: SINGLE_ENDED
            SIO HiFreq: LOW
            SIO Hyst: DISABLED
            SIO Vtrip: MULTIPLIER_0_5
            SIO Multiplier Index: 0
            SIO RefSel: VCC_IO
            Required Capabilities: ANALOG
            Initial Value: 1
            IO Voltage: 0
        PORT MAP (
            pa_out => Pin_2(0)__PA ,
            analog_term => Net_41 ,
            pad => Pin_2(0)_PAD );
        Properties:
        {
        }

    Pin : Name = \I2C:scl(0)\
        Attributes:
            In Group/Port: True
            In Sync Option: NOSYNC
            Out Sync Option: NOSYNC
            Interrupt generated: False
            Interrupt mode: NONE
            Drive mode: OPEN_DRAIN_LO
            VTrip: CMOS
            Slew: FAST
            Input Sync needed: False
            Output Sync needed: False
            SC shield enabled: False
            POR State: INP_DIS_HI_Z
            LCD Mode: COMMON
            Register Mode: RegComb
            CaSense Mode: NEITHER
            Treat as pin: True
            Is OE Registered: False
            Uses Analog: False
            Can contain Digital: True
            Is SIO: False
            SIO Output Buf: NONREGULATED
            SIO Input Buf: SINGLE_ENDED
            SIO HiFreq: LOW
            SIO Hyst: DISABLED
            SIO Vtrip: MULTIPLIER_0_5
            SIO Multiplier Index: 0
            SIO RefSel: VCC_IO
            Required Capabilities: DIGITAL
            Initial Value: 1
            IO Voltage: 0
        PORT MAP (
            pa_out => \I2C:scl(0)\__PA ,
            fb => Net_104 ,
            pad => \I2C:scl(0)_PAD\ );
        Properties:
        {
        }

    Pin : Name = \I2C:sda(0)\
        Attributes:
            In Group/Port: True
            In Sync Option: NOSYNC
            Out Sync Option: NOSYNC
            Interrupt generated: False
            Interrupt mode: NONE
            Drive mode: OPEN_DRAIN_LO
            VTrip: CMOS
            Slew: FAST
            Input Sync needed: False
            Output Sync needed: False
            SC shield enabled: False
            POR State: INP_DIS_HI_Z
            LCD Mode: COMMON
            Register Mode: RegComb
            CaSense Mode: NEITHER
            Treat as pin: True
            Is OE Registered: False
            Uses Analog: False
            Can contain Digital: True
            Is SIO: False
            SIO Output Buf: NONREGULATED
            SIO Input Buf: SINGLE_ENDED
            SIO HiFreq: LOW
            SIO Hyst: DISABLED
            SIO Vtrip: MULTIPLIER_0_5
            SIO Multiplier Index: 0
            SIO RefSel: VCC_IO
            Required Capabilities: DIGITAL
            Initial Value: 1
            IO Voltage: 0
        PORT MAP (
            pa_out => \I2C:sda(0)\__PA ,
            fb => Net_105 ,
            pad => \I2C:sda(0)_PAD\ );
        Properties:
        {
        }

    Pin : Name = Pin_3(0)
        Attributes:
            In Group/Port: True
            In Sync Option: AUTO
            Out Sync Option: AUTO
            Interrupt generated: False
            Interrupt mode: NONE
            Drive mode: HI_Z_ANALOG
            VTrip: CMOS
            Slew: FAST
            Input Sync needed: False
            Output Sync needed: False
            SC shield enabled: False
            POR State: INP_DIS_HI_Z
            LCD Mode: COMMON
            Register Mode: RegComb
            CaSense Mode: NEITHER
            Treat as pin: True
            Is OE Registered: False
            Uses Analog: True
            Can contain Digital: False
            Is SIO: False
            SIO Output Buf: NONREGULATED
            SIO Input Buf: SINGLE_ENDED
            SIO HiFreq: LOW
            SIO Hyst: DISABLED
            SIO Vtrip: MULTIPLIER_0_5
            SIO Multiplier Index: 0
            SIO RefSel: VCC_IO
            Required Capabilities: ANALOG
            Initial Value: 1
            IO Voltage: 0
        PORT MAP (
            pa_out => Pin_3(0)__PA ,
            analog_term => Net_144 ,
            pad => Pin_3(0)_PAD );
        Properties:
        {
        }

    Pin : Name = Uart_TX(0)
        Attributes:
            In Group/Port: True
            In Sync Option: AUTO
            Out Sync Option: NOSYNC
            Interrupt generated: False
            Interrupt mode: NONE
            Drive mode: CMOS_OUT
            VTrip: CMOS
            Slew: FAST
            Input Sync needed: False
            Output Sync needed: False
            SC shield enabled: False
            POR State: INP_DIS_HI_Z
            LCD Mode: COMMON
            Register Mode: RegComb
            CaSense Mode: NEITHER
            Treat as pin: True
            Is OE Registered: False
            Uses Analog: False
            Can contain Digital: True
            Is SIO: False
            SIO Output Buf: NONREGULATED
            SIO Input Buf: SINGLE_ENDED
            SIO HiFreq: LOW
            SIO Hyst: DISABLED
            SIO Vtrip: MULTIPLIER_0_5
            SIO Multiplier Index: 0
            SIO RefSel: VCC_IO
            Required Capabilities: DIGITAL
            Initial Value: 1
            IO Voltage: 0
        PORT MAP (
            pa_out => Uart_TX(0)__PA ,
            pin_input => Net_44 ,
            pad => Uart_TX(0)_PAD );
        Properties:
        {
        }

    Pin : Name = Uart_RX(0)
        Attributes:
            In Group/Port: True
            In Sync Option: NOSYNC
            Out Sync Option: AUTO
            Interrupt generated: False
            Interrupt mode: NONE
            Drive mode: HI_Z_ANALOG
            VTrip: CMOS
            Slew: FAST
            Input Sync needed: False
            Output Sync needed: False
            SC shield enabled: False
            POR State: INP_DIS_HI_Z
            LCD Mode: COMMON
            Register Mode: RegComb
            CaSense Mode: NEITHER
            Treat as pin: True
            Is OE Registered: False
            Uses Analog: False
            Can contain Digital: True
            Is SIO: False
            SIO Output Buf: NONREGULATED
            SIO Input Buf: SINGLE_ENDED
            SIO HiFreq: LOW
            SIO Hyst: DISABLED
            SIO Vtrip: MULTIPLIER_0_5
            SIO Multiplier Index: 0
            SIO RefSel: VCC_IO
            Required Capabilities: DIGITAL
            Initial Value: 0
            IO Voltage: 0
        PORT MAP (
            pa_out => Uart_RX(0)__PA ,
            fb => Net_50 ,
            pad => Uart_RX(0)_PAD );
        Properties:
        {
        }

    Pin : Name = MAX30102_enable(0)
        Attributes:
            In Group/Port: True
            In Sync Option: AUTO
            Out Sync Option: NOSYNC
            Interrupt generated: False
            Interrupt mode: NONE
            Drive mode: CMOS_OUT
            VTrip: CMOS
            Slew: FAST
            Input Sync needed: False
            Output Sync needed: False
            SC shield enabled: False
            POR State: INP_DIS_HI_Z
            LCD Mode: COMMON
            Register Mode: RegComb
            CaSense Mode: NEITHER
            Treat as pin: True
            Is OE Registered: False
            Uses Analog: False
            Can contain Digital: True
            Is SIO: False
            SIO Output Buf: NONREGULATED
            SIO Input Buf: SINGLE_ENDED
            SIO HiFreq: LOW
            SIO Hyst: DISABLED
            SIO Vtrip: MULTIPLIER_0_5
            SIO Multiplier Index: 0
            SIO RefSel: VCC_IO
            Required Capabilities: DIGITAL
            Initial Value: 1
            IO Voltage: 0
        PORT MAP (
            pa_out => MAX30102_enable(0)__PA ,
            pad => MAX30102_enable(0)_PAD );
        Properties:
        {
        }

    Pin : Name = MAX30102_int(0)
        Attributes:
            In Group/Port: True
            In Sync Option: NOSYNC
            Out Sync Option: AUTO
            Interrupt generated: True
            Interrupt mode: FALLING
            Drive mode: HI_Z_ANALOG
            VTrip: CMOS
            Slew: FAST
            Input Sync needed: False
            Output Sync needed: False
            SC shield enabled: False
            POR State: INP_DIS_HI_Z
            LCD Mode: COMMON
            Register Mode: RegComb
            CaSense Mode: NEITHER
            Treat as pin: False
            Is OE Registered: False
            Uses Analog: False
            Can contain Digital: True
            Is SIO: False
            SIO Output Buf: NONREGULATED
            SIO Input Buf: SINGLE_ENDED
            SIO HiFreq: LOW
            SIO Hyst: DISABLED
            SIO Vtrip: MULTIPLIER_0_5
            SIO Multiplier Index: 0
            SIO RefSel: VCC_IO
            Required Capabilities: DIGITAL
            Initial Value: 0
            IO Voltage: 0
        PORT MAP (
            pa_out => MAX30102_int(0)__PA ,
            pad => MAX30102_int(0)_PAD );
        Properties:
        {
        }

    Pin : Name = Charge_status(0)
        Attributes:
            In Group/Port: True
            In Sync Option: NOSYNC
            Out Sync Option: AUTO
            Interrupt generated: False
            Interrupt mode: NONE
            Drive mode: HI_Z_ANALOG
            VTrip: CMOS
            Slew: FAST
            Input Sync needed: False
            Output Sync needed: False
            SC shield enabled: False
            POR State: INP_DIS_HI_Z
            LCD Mode: COMMON
            Register Mode: RegComb
            CaSense Mode: NEITHER
            Treat as pin: True
            Is OE Registered: False
            Uses Analog: False
            Can contain Digital: True
            Is SIO: False
            SIO Output Buf: NONREGULATED
            SIO Input Buf: SINGLE_ENDED
            SIO HiFreq: LOW
            SIO Hyst: DISABLED
            SIO Vtrip: MULTIPLIER_0_5
            SIO Multiplier Index: 0
            SIO RefSel: VCC_IO
            Required Capabilities: DIGITAL, ROUTABLE
            Initial Value: 0
            IO Voltage: 0
        PORT MAP (
            pa_out => Charge_status(0)__PA ,
            fb => Net_174 ,
            pad => Charge_status(0)_PAD );
        Properties:
        {
        }

    Pin : Name = Charge_led(0)
        Attributes:
            In Group/Port: True
            In Sync Option: AUTO
            Out Sync Option: NOSYNC
            Interrupt generated: False
            Interrupt mode: NONE
            Drive mode: CMOS_OUT
            VTrip: CMOS
            Slew: FAST
            Input Sync needed: False
            Output Sync needed: False
            SC shield enabled: False
            POR State: INP_DIS_HI_Z
            LCD Mode: COMMON
            Register Mode: RegComb
            CaSense Mode: NEITHER
            Treat as pin: True
            Is OE Registered: False
            Uses Analog: False
            Can contain Digital: True
            Is SIO: False
            SIO Output Buf: NONREGULATED
            SIO Input Buf: SINGLE_ENDED
            SIO HiFreq: LOW
            SIO Hyst: DISABLED
            SIO Vtrip: MULTIPLIER_0_5
            SIO Multiplier Index: 0
            SIO RefSel: VCC_IO
            Required Capabilities: DIGITAL, ROUTABLE
            Initial Value: 1
            IO Voltage: 0
        PORT MAP (
            pa_out => Charge_led(0)__PA ,
            pin_input => Net_174 ,
            pad => Charge_led(0)_PAD );
        Properties:
        {
        }

    Pin : Name = Work_led(0)
        Attributes:
            In Group/Port: True
            In Sync Option: AUTO
            Out Sync Option: NOSYNC
            Interrupt generated: False
            Interrupt mode: NONE
            Drive mode: CMOS_OUT
            VTrip: CMOS
            Slew: FAST
            Input Sync needed: False
            Output Sync needed: False
            SC shield enabled: False
            POR State: INP_DIS_HI_Z
            LCD Mode: COMMON
            Register Mode: RegComb
            CaSense Mode: NEITHER
            Treat as pin: True
            Is OE Registered: False
            Uses Analog: False
            Can contain Digital: True
            Is SIO: False
            SIO Output Buf: NONREGULATED
            SIO Input Buf: SINGLE_ENDED
            SIO HiFreq: LOW
            SIO Hyst: DISABLED
            SIO Vtrip: MULTIPLIER_0_5
            SIO Multiplier Index: 0
            SIO RefSel: VCC_IO
            Required Capabilities: DIGITAL
            Initial Value: 1
            IO Voltage: 0
        PORT MAP (
            pa_out => Work_led(0)__PA ,
            pad => Work_led(0)_PAD );
        Properties:
        {
        }

    Pin : Name = Connect_led(0)
        Attributes:
            In Group/Port: True
            In Sync Option: AUTO
            Out Sync Option: NOSYNC
            Interrupt generated: False
            Interrupt mode: NONE
            Drive mode: CMOS_OUT
            VTrip: CMOS
            Slew: FAST
            Input Sync needed: False
            Output Sync needed: False
            SC shield enabled: False
            POR State: INP_DIS_HI_Z
            LCD Mode: COMMON
            Register Mode: RegComb
            CaSense Mode: NEITHER
            Treat as pin: True
            Is OE Registered: False
            Uses Analog: False
            Can contain Digital: True
            Is SIO: False
            SIO Output Buf: NONREGULATED
            SIO Input Buf: SINGLE_ENDED
            SIO HiFreq: LOW
            SIO Hyst: DISABLED
            SIO Vtrip: MULTIPLIER_0_5
            SIO Multiplier Index: 0
            SIO RefSel: VCC_IO
            Required Capabilities: DIGITAL
            Initial Value: 1
            IO Voltage: 0
        PORT MAP (
            pa_out => Connect_led(0)__PA ,
            pad => Connect_led(0)_PAD );
        Properties:
        {
        }
    </CYPRESSTAG>
    <CYPRESSTAG name="Macrocell listing" icon="FILE_RPT_EQUATION">
    </CYPRESSTAG>
    <CYPRESSTAG name="Datapath listing">
    </CYPRESSTAG>
    <CYPRESSTAG name="Status register listing">
    </CYPRESSTAG>
    <CYPRESSTAG name="StatusI register listing">
    </CYPRESSTAG>
    <CYPRESSTAG name="Sync listing">
    </CYPRESSTAG>
    <CYPRESSTAG name="Control register listing">
    </CYPRESSTAG>
    <CYPRESSTAG name="Count7 listing">
    </CYPRESSTAG>
    <CYPRESSTAG name="DRQ listing">
    </CYPRESSTAG>
    <CYPRESSTAG name="Interrupt listing">

    ------------------------------------------------------------
    Interrupt listing
    ------------------------------------------------------------

    interrupt: Name =\ADC:IRQ\
        PORT MAP (
            interrupt => \ADC:Net_423\ );
        Properties:
        {
            cy_registers = ""
            deepsleep_required = 0
            int_type = "10"
        }

    interrupt: Name =\UART:SCB_IRQ\
        PORT MAP (
            interrupt => \UART:intr_wire\ );
        Properties:
        {
            cy_registers = ""
            deepsleep_required = 0
            int_type = "10"
        }

    interrupt: Name =\I2C:SCB_IRQ\
        PORT MAP (
            interrupt => \I2C:intr_wire\ );
        Properties:
        {
            cy_registers = ""
            deepsleep_required = 0
            int_type = "10"
        }

    interrupt: Name =\RTC_1:RTC_IRQ\
        PORT MAP (
            interrupt => \RTC_1:Net_3\ );
        Properties:
        {
            cy_registers = ""
            deepsleep_required = 0
            int_type = "10"
        }

    interrupt: Name =\BLE:bless_isr\
        PORT MAP (
            interrupt => \BLE:Net_1\ );
        Properties:
        {
            cy_registers = ""
            deepsleep_required = 1
            int_type = "10"
        }

    interrupt: Name =MCWDT_isr
        PORT MAP (
            interrupt => Net_123 );
        Properties:
        {
            cy_registers = ""
            deepsleep_required = 0
            int_type = "10"
        }
    </CYPRESSTAG>
</CYPRESSTAG>
<CYPRESSTAG name="Technology mapping summary" expanded>

------------------------------------------------------------
Technology mapping summary
------------------------------------------------------------

Resource Type                 : Used : Free :  Max :  % Used
============================================================
Digital Clocks                :    0 :    8 :    8 :  0.00 %
Crypto Accelerator            :    0 :    1 :    1 :  0.00 %
Interrupts [CM0+]             :    5 :   27 :   32 : 15.63 %
Interrupts [CM4]              :    6 :  141 :  147 :  4.08 %
IO                            :   17 :   61 :   78 : 21.79 %
Interprocessor Communication  :    0 :   16 :   16 :  0.00 %
MCWDT                         :    1 :    1 :    2 : 50.00 %
CapSense                      :    0 :    1 :    1 :  0.00 %
Energy Profiler               :    0 :    1 :    1 :  0.00 %
Real Time Clock               :    1 :    0 :    1 : 100.00 %
Bluetooth Low Energy          :    1 :    0 :    1 : 100.00 %
I2S                           :    0 :    1 :    1 :  0.00 %
PDM/PCM                       :    0 :    1 :    1 :  0.00 %
SCB                           :    2 :    7 :    9 : 22.22 %
Serial Memory Interface       :    0 :    1 :    1 :  0.00 %
DMA Channels                  :    0 :   32 :   32 :  0.00 %
LCD                           :    0 :    1 :    1 :  0.00 %
SmartIO                       :    0 :    2 :    2 :  0.00 %
TCPWM                         :    0 :   32 :   32 :  0.00 %
UDB                           :      :      :      :        
  Macrocells                  :    0 :   96 :   96 :  0.00 %
  Unique P-terms              :    0 :  192 :  192 :  0.00 %
  Total P-terms               :    0 :      :      :        
  Datapath Cells              :    0 :   12 :   12 :  0.00 %
  Status Cells                :    0 :   12 :   12 :  0.00 %
  Control Cells               :    0 :   12 :   12 :  0.00 %
7-Bit IDAC                    :    0 :    2 :    2 :  0.00 %
Continuous Time DAC           :    0 :    1 :    1 :  0.00 %
LP Comparator                 :    0 :    2 :    2 :  0.00 %
Opamp                         :    0 :    2 :    2 :  0.00 %
Sample and Hold               :    0 :    1 :    1 :  0.00 %
SAR ADC                       :    1 :    0 :    1 : 100.00 %
DieTemp Sensor                :    0 :    1 :    1 :  0.00 %
</CYPRESSTAG>
Technology Mapping: Elapsed time ==> 0s.151ms
Tech Mapping phase: Elapsed time ==> 0s.215ms
</CYPRESSTAG>
<CYPRESSTAG name="Analog Placement">
<CYPRESSTAG name="FFB & IO Pre Placement">
<CYPRESSTAG name="Placement" icon="FILE_RPT_PLACEMENT">

Cell                                : Block                              
=========================================================================
CY_SRSS_WCO_IN(0)                   : [IOP=(0)][IoId=(0)]                
CY_SRSS_WCO_OUT(0)                  : [IOP=(0)][IoId=(1)]                
CY_CPUSS_SWJ_SWCLK_TCLK(0)          : [IOP=(6)][IoId=(7)]                
CY_CPUSS_SWJ_SWDIO_TMS(0)           : [IOP=(6)][IoId=(6)]                
Pin_1(0)                            : [IOP=(10)][IoId=(3)]               
Pin_2(0)                            : [IOP=(10)][IoId=(0)]               
\I2C:scl(0)\                        : [IOP=(6)][IoId=(0)]                
\I2C:sda(0)\                        : [IOP=(6)][IoId=(1)]                
Pin_3(0)                            : [IOP=(10)][IoId=(1)]               
Uart_TX(0)                          : [IOP=(5)][IoId=(1)]                
Uart_RX(0)                          : [IOP=(5)][IoId=(0)]                
MAX30102_enable(0)                  : [IOP=(5)][IoId=(5)]                
MAX30102_int(0)                     : [IOP=(6)][IoId=(3)]                
Charge_status(0)                    : [IOP=(5)][IoId=(6)]                
Charge_led(0)                       : [IOP=(7)][IoId=(2)]                
Work_led(0)                         : [IOP=(7)][IoId=(4)]                
Connect_led(0)                      : [IOP=(7)][IoId=(3)]                
ClockGenBlock                       : CLK_GEN_[FFB(CLK_GEN,0)]           
SRSS                                : SRSS_[FFB(SRSS,0)]                 
CPUSS                               : CPUSS_[FFB(CPUSS,0)]               
\ADC:SAR\                           : SARADC_[FFB(SARADC,0)]             
\UART:SCB\                          : SCB_[FFB(SCB,5)]                   
\I2C:SCB\                           : SCB_[FFB(SCB,3)]                   
\RTC_1:RTC\                         : RTC_[FFB(RTC,0)]                   
\BLE:cy_mxs40_ble\                  : BLE_[FFB(BLE,0)]                   
\ADC:vssa_kelvin_1\                 : Vref_[FFB(Vref,0)]                 
\ADC:vRef_4\                        : Vref_[FFB(Vref,1)]                 
\ADC:vRef_8\                        : Vref_[FFB(Vref,2)]                 
\MCWDT:MCWDT\                       : MCWDT_[FFB(MCWDT,0)]               

</CYPRESSTAG>
</CYPRESSTAG>
<CYPRESSTAG name="Real Analog Placement">
Elapsed time ==> 0.2964911s
</CYPRESSTAG>
Analog Placement phase: Elapsed time ==> 1s.525ms
</CYPRESSTAG>
<CYPRESSTAG name="Analog Routing">
<CYPRESSTAG name="Analog Routing">
Route success=True, Iterations=1 Elapsed=0.0256113 secs
</CYPRESSTAG>
Analog Routing phase: Elapsed time ==> 0s.025ms
</CYPRESSTAG>
<CYPRESSTAG name="Analog Code Generation">
============ Analog Final Answer Routes ============
Dump of CyAnalogRoutingResultsDB
Map of net to items {
  Net: Net_144 {
    p10_1
  }
  Net: Net_39 {
    p10_3
  }
  Net: Net_41 {
    p10_0
  }
  Net: SRSS_wco_in {
    p0_0
    swh_3
    Net_44761
  }
  Net: SRSS_wco_out {
    Net_44763
    swh_4
    p0_1
  }
  Net: \ADC:Net_105\ {
  }
  Net: \ADC:Net_1405\ {
  }
  Net: \ADC:Net_1448\ {
  }
  Net: \ADC:Net_213\ {
  }
  Net: \ADC:muxoutPlus\ {
    PASS0_sarmux_vplus
  }
  Net: AMuxNet::\ADC:SARMUX\_CYAMUXSIDE_A {
    PASS0_SARMUX0_sw3
    PASS0_SARMUX0_sw0
  }
  Net: \ADC:muxoutMinus\ {
    PASS0_sarmux_vminus
  }
  Net: AMuxNet::\ADC:SARMUX\_CYAMUXSIDE_B {
    PASS0_SARMUX0_sw16
    vssa_kelvin
    PASS0_SARMUX0_sw9
  }
}
Map of item to net {
  p10_1                                            -> Net_144
  p10_3                                            -> Net_39
  p10_0                                            -> Net_41
  p0_0                                             -> SRSS_wco_in
  swh_3                                            -> SRSS_wco_in
  Net_44761                                        -> SRSS_wco_in
  Net_44763                                        -> SRSS_wco_out
  swh_4                                            -> SRSS_wco_out
  p0_1                                             -> SRSS_wco_out
  PASS0_sarmux_vplus                               -> \ADC:muxoutPlus\
  PASS0_SARMUX0_sw3                                -> AMuxNet::\ADC:SARMUX\_CYAMUXSIDE_A
  PASS0_SARMUX0_sw0                                -> AMuxNet::\ADC:SARMUX\_CYAMUXSIDE_A
  PASS0_sarmux_vminus                              -> \ADC:muxoutMinus\
  PASS0_SARMUX0_sw16                               -> AMuxNet::\ADC:SARMUX\_CYAMUXSIDE_B
  vssa_kelvin                                      -> AMuxNet::\ADC:SARMUX\_CYAMUXSIDE_B
  PASS0_SARMUX0_sw9                                -> AMuxNet::\ADC:SARMUX\_CYAMUXSIDE_B
}
Mux Info {
  Mux: \ADC:SARMUX\_CYAMUXSIDE_A {
     Mouth: \ADC:muxoutPlus\
     Guts:  AMuxNet::\ADC:SARMUX\_CYAMUXSIDE_A
     IsSingleSwitching: False
     IsStaticSwitching: False
     IsAtMostOneSwitch: True
    Arm: 0 {
      Net:   Net_39
      Outer: PASS0_SARMUX0_sw3
      Inner: __open__
      Path {
        PASS0_SARMUX0_sw3
        p10_3
      }
    }
    Arm: 1 {
      Net:   Net_41
      Outer: PASS0_SARMUX0_sw0
      Inner: __open__
      Path {
        PASS0_SARMUX0_sw0
        p10_0
      }
    }
  }
  Mux: \ADC:SARMUX\_CYAMUXSIDE_B {
     Mouth: \ADC:muxoutMinus\
     Guts:  AMuxNet::\ADC:SARMUX\_CYAMUXSIDE_B
     IsSingleSwitching: False
     IsStaticSwitching: False
     IsAtMostOneSwitch: True
    Arm: 0 {
      Net:   \ADC:Net_1405\
      Outer: PASS0_SARMUX0_sw16
      Inner: __open__
      Path {
        PASS0_SARMUX0_sw16
        vssa_kelvin
      }
    }
    Arm: 1 {
      Net:   Net_144
      Outer: PASS0_SARMUX0_sw9
      Inner: __open__
      Path {
        PASS0_SARMUX0_sw9
        p10_1
      }
    }
  }
}
Analog Code Generation phase: Elapsed time ==> 0s.022ms
</CYPRESSTAG>
<CYPRESSTAG name="Digital Placement">
<CYPRESSTAG name="Detailed placement messages">
I2659: No Constrained paths were found. The placer will run in non-timing driven mode.
I2076: Total run-time: 0.6 sec.

</CYPRESSTAG>
Warning: placer did not place the following components:
   \ADC:SARMUX\:SARMUX
<CYPRESSTAG name="PLD Packing">
<CYPRESSTAG name="PLD Packing Summary">
No PLDs were packed.
</CYPRESSTAG>
PLD Packing: Elapsed time ==> 0s.000ms
</CYPRESSTAG>
<CYPRESSTAG name="Partitioning">
<CYPRESSTAG name="Initial Partitioning Summary">
Initial Partitioning Summary not displayed at this verbose level.</CYPRESSTAG>
<CYPRESSTAG name="Final Partitioning Summary">
Final Partitioning Summary not displayed at this verbose level.</CYPRESSTAG>
Partitioning: Elapsed time ==> 0s.031ms
</CYPRESSTAG>
<CYPRESSTAG name="Final Placement Summary">

------------------------------------------------------------
Final Placement Summary
------------------------------------------------------------

       Resource Type :      Count : Avg Inputs : Avg Outputs
    ========================================================
                 UDB :          0 :       0.00 :       0.00
<CYPRESSTAG name="Final Placement Details">
<CYPRESSTAG name="Component Details">

------------------------------------------------------------
Component Placement Details
------------------------------------------------------------
UDB [UDB=(0,0)] is empty.
UDB [UDB=(0,1)] is empty.
UDB [UDB=(0,2)] is empty.
UDB [UDB=(0,3)] is empty.
UDB [UDB=(0,4)] is empty.
UDB [UDB=(0,5)] is empty.
UDB [UDB=(1,0)] is empty.
UDB [UDB=(1,1)] is empty.
UDB [UDB=(1,2)] is empty.
UDB [UDB=(1,3)] is empty.
UDB [UDB=(1,4)] is empty.
UDB [UDB=(1,5)] is empty.
Intr container @ [IntrContainer=(0)]: 
  Intr@ [IntrContainer=(0)][IntrId=(19)] 
    interrupt: Name =MCWDT_isr
        PORT MAP (
            interrupt => Net_123 );
        Properties:
        {
            cy_registers = ""
            deepsleep_required = 0
            int_type = "10"
        }
  Intr@ [IntrContainer=(0)][IntrId=(21)] 
    interrupt: Name =\RTC_1:RTC_IRQ\
        PORT MAP (
            interrupt => \RTC_1:Net_3\ );
        Properties:
        {
            cy_registers = ""
            deepsleep_required = 0
            int_type = "10"
        }
  Intr@ [IntrContainer=(0)][IntrId=(24)] 
    interrupt: Name =\BLE:bless_isr\
        PORT MAP (
            interrupt => \BLE:Net_1\ );
        Properties:
        {
            cy_registers = ""
            deepsleep_required = 1
            int_type = "10"
        }
  Intr@ [IntrContainer=(0)][IntrId=(44)] 
    interrupt: Name =\I2C:SCB_IRQ\
        PORT MAP (
            interrupt => \I2C:intr_wire\ );
        Properties:
        {
            cy_registers = ""
            deepsleep_required = 0
            int_type = "10"
        }
  Intr@ [IntrContainer=(0)][IntrId=(46)] 
    interrupt: Name =\UART:SCB_IRQ\
        PORT MAP (
            interrupt => \UART:intr_wire\ );
        Properties:
        {
            cy_registers = ""
            deepsleep_required = 0
            int_type = "10"
        }
  Intr@ [IntrContainer=(0)][IntrId=(138)] 
    interrupt: Name =\ADC:IRQ\
        PORT MAP (
            interrupt => \ADC:Net_423\ );
        Properties:
        {
            cy_registers = ""
            deepsleep_required = 0
            int_type = "10"
        }
Drq container @ [DrqContainer=(0)]: empty
Port 0 contains the following IO cells:
[IoId=0]: 
Pin : Name = CY_SRSS_WCO_IN(0)
    Attributes:
        In Group/Port: True
        In Sync Option: AUTO
        Out Sync Option: AUTO
        Interrupt generated: False
        Interrupt mode: NONE
        Drive mode: HI_Z_ANALOG
        VTrip: CMOS
        Slew: FAST
        Input Sync needed: False
        Output Sync needed: False
        SC shield enabled: False
        POR State: INP_DIS_HI_Z
        LCD Mode: COMMON
        Register Mode: RegComb
        CaSense Mode: NEITHER
        Treat as pin: True
        Is OE Registered: False
        Uses Analog: True
        Can contain Digital: True
        Is SIO: False
        SIO Output Buf: NONREGULATED
        SIO Input Buf: SINGLE_ENDED
        SIO HiFreq: LOW
        SIO Hyst: DISABLED
        SIO Vtrip: MULTIPLIER_0_5
        SIO Multiplier Index: 0
        SIO RefSel: VCC_IO
        Required Capabilities: NONE
        Initial Value: 0
        IO Voltage: 0
    PORT MAP (
        pa_out => CY_SRSS_WCO_IN(0)__PA ,
        analog_term => SRSS_wco_in );
    Properties:
    {
    }

[IoId=1]: 
Pin : Name = CY_SRSS_WCO_OUT(0)
    Attributes:
        In Group/Port: True
        In Sync Option: AUTO
        Out Sync Option: AUTO
        Interrupt generated: False
        Interrupt mode: NONE
        Drive mode: HI_Z_ANALOG
        VTrip: CMOS
        Slew: FAST
        Input Sync needed: False
        Output Sync needed: False
        SC shield enabled: False
        POR State: INP_DIS_HI_Z
        LCD Mode: COMMON
        Register Mode: RegComb
        CaSense Mode: NEITHER
        Treat as pin: True
        Is OE Registered: False
        Uses Analog: True
        Can contain Digital: True
        Is SIO: False
        SIO Output Buf: NONREGULATED
        SIO Input Buf: SINGLE_ENDED
        SIO HiFreq: LOW
        SIO Hyst: DISABLED
        SIO Vtrip: MULTIPLIER_0_5
        SIO Multiplier Index: 0
        SIO RefSel: VCC_IO
        Required Capabilities: NONE
        Initial Value: 0
        IO Voltage: 0
    PORT MAP (
        pa_out => CY_SRSS_WCO_OUT(0)__PA ,
        analog_term => SRSS_wco_out );
    Properties:
    {
    }

Port 1 contains the following IO cells:
Port 5 contains the following IO cells:
[IoId=0]: 
Pin : Name = Uart_RX(0)
    Attributes:
        In Group/Port: True
        In Sync Option: NOSYNC
        Out Sync Option: AUTO
        Interrupt generated: False
        Interrupt mode: NONE
        Drive mode: HI_Z_ANALOG
        VTrip: CMOS
        Slew: FAST
        Input Sync needed: False
        Output Sync needed: False
        SC shield enabled: False
        POR State: INP_DIS_HI_Z
        LCD Mode: COMMON
        Register Mode: RegComb
        CaSense Mode: NEITHER
        Treat as pin: True
        Is OE Registered: False
        Uses Analog: False
        Can contain Digital: True
        Is SIO: False
        SIO Output Buf: NONREGULATED
        SIO Input Buf: SINGLE_ENDED
        SIO HiFreq: LOW
        SIO Hyst: DISABLED
        SIO Vtrip: MULTIPLIER_0_5
        SIO Multiplier Index: 0
        SIO RefSel: VCC_IO
        Required Capabilities: DIGITAL
        Initial Value: 0
        IO Voltage: 0
    PORT MAP (
        pa_out => Uart_RX(0)__PA ,
        fb => Net_50 ,
        pad => Uart_RX(0)_PAD );
    Properties:
    {
    }

[IoId=1]: 
Pin : Name = Uart_TX(0)
    Attributes:
        In Group/Port: True
        In Sync Option: AUTO
        Out Sync Option: NOSYNC
        Interrupt generated: False
        Interrupt mode: NONE
        Drive mode: CMOS_OUT
        VTrip: CMOS
        Slew: FAST
        Input Sync needed: False
        Output Sync needed: False
        SC shield enabled: False
        POR State: INP_DIS_HI_Z
        LCD Mode: COMMON
        Register Mode: RegComb
        CaSense Mode: NEITHER
        Treat as pin: True
        Is OE Registered: False
        Uses Analog: False
        Can contain Digital: True
        Is SIO: False
        SIO Output Buf: NONREGULATED
        SIO Input Buf: SINGLE_ENDED
        SIO HiFreq: LOW
        SIO Hyst: DISABLED
        SIO Vtrip: MULTIPLIER_0_5
        SIO Multiplier Index: 0
        SIO RefSel: VCC_IO
        Required Capabilities: DIGITAL
        Initial Value: 1
        IO Voltage: 0
    PORT MAP (
        pa_out => Uart_TX(0)__PA ,
        pin_input => Net_44 ,
        pad => Uart_TX(0)_PAD );
    Properties:
    {
    }

[IoId=5]: 
Pin : Name = MAX30102_enable(0)
    Attributes:
        In Group/Port: True
        In Sync Option: AUTO
        Out Sync Option: NOSYNC
        Interrupt generated: False
        Interrupt mode: NONE
        Drive mode: CMOS_OUT
        VTrip: CMOS
        Slew: FAST
        Input Sync needed: False
        Output Sync needed: False
        SC shield enabled: False
        POR State: INP_DIS_HI_Z
        LCD Mode: COMMON
        Register Mode: RegComb
        CaSense Mode: NEITHER
        Treat as pin: True
        Is OE Registered: False
        Uses Analog: False
        Can contain Digital: True
        Is SIO: False
        SIO Output Buf: NONREGULATED
        SIO Input Buf: SINGLE_ENDED
        SIO HiFreq: LOW
        SIO Hyst: DISABLED
        SIO Vtrip: MULTIPLIER_0_5
        SIO Multiplier Index: 0
        SIO RefSel: VCC_IO
        Required Capabilities: DIGITAL
        Initial Value: 1
        IO Voltage: 0
    PORT MAP (
        pa_out => MAX30102_enable(0)__PA ,
        pad => MAX30102_enable(0)_PAD );
    Properties:
    {
    }

[IoId=6]: 
Pin : Name = Charge_status(0)
    Attributes:
        In Group/Port: True
        In Sync Option: NOSYNC
        Out Sync Option: AUTO
        Interrupt generated: False
        Interrupt mode: NONE
        Drive mode: HI_Z_ANALOG
        VTrip: CMOS
        Slew: FAST
        Input Sync needed: False
        Output Sync needed: False
        SC shield enabled: False
        POR State: INP_DIS_HI_Z
        LCD Mode: COMMON
        Register Mode: RegComb
        CaSense Mode: NEITHER
        Treat as pin: True
        Is OE Registered: False
        Uses Analog: False
        Can contain Digital: True
        Is SIO: False
        SIO Output Buf: NONREGULATED
        SIO Input Buf: SINGLE_ENDED
        SIO HiFreq: LOW
        SIO Hyst: DISABLED
        SIO Vtrip: MULTIPLIER_0_5
        SIO Multiplier Index: 0
        SIO RefSel: VCC_IO
        Required Capabilities: DIGITAL, ROUTABLE
        Initial Value: 0
        IO Voltage: 0
    PORT MAP (
        pa_out => Charge_status(0)__PA ,
        fb => Net_174 ,
        pad => Charge_status(0)_PAD );
    Properties:
    {
    }

Port 6 generates interrupt for logical port:
    logicalport: Name =MAX30102_int
        PORT MAP (
             );
        Properties:
        {
            cy_registers = ""
            drive_mode = "000"
            drive_strength = "0"
            hotswap_needed = "0"
            i2c_mode = "0"
            ibuf_enabled = "1"
            id = "adc65b0e-30ee-4754-880c-beb3ccc9e27c"
            init_dr_st = "0"
            input_sync = "0"
            intr_mode = "10"
            io_voltage = ""
            max_frequency = "100"
            oe_conn = "0"
            oe_sync = "0"
            output_conn = "0"
            output_current_cap = "8"
            output_sync = "0"
            pin_aliases = ""
            pin_mode = "B"
            sio_grp_cnt = 0
            slew_rate = "0"
            use_annotation = "0"
            vtrip = "00"
            width = 1
        }
    and contains the following IO cells:
[IoId=0]: 
Pin : Name = \I2C:scl(0)\
    Attributes:
        In Group/Port: True
        In Sync Option: NOSYNC
        Out Sync Option: NOSYNC
        Interrupt generated: False
        Interrupt mode: NONE
        Drive mode: OPEN_DRAIN_LO
        VTrip: CMOS
        Slew: FAST
        Input Sync needed: False
        Output Sync needed: False
        SC shield enabled: False
        POR State: INP_DIS_HI_Z
        LCD Mode: COMMON
        Register Mode: RegComb
        CaSense Mode: NEITHER
        Treat as pin: True
        Is OE Registered: False
        Uses Analog: False
        Can contain Digital: True
        Is SIO: False
        SIO Output Buf: NONREGULATED
        SIO Input Buf: SINGLE_ENDED
        SIO HiFreq: LOW
        SIO Hyst: DISABLED
        SIO Vtrip: MULTIPLIER_0_5
        SIO Multiplier Index: 0
        SIO RefSel: VCC_IO
        Required Capabilities: DIGITAL
        Initial Value: 1
        IO Voltage: 0
    PORT MAP (
        pa_out => \I2C:scl(0)\__PA ,
        fb => Net_104 ,
        pad => \I2C:scl(0)_PAD\ );
    Properties:
    {
    }

[IoId=1]: 
Pin : Name = \I2C:sda(0)\
    Attributes:
        In Group/Port: True
        In Sync Option: NOSYNC
        Out Sync Option: NOSYNC
        Interrupt generated: False
        Interrupt mode: NONE
        Drive mode: OPEN_DRAIN_LO
        VTrip: CMOS
        Slew: FAST
        Input Sync needed: False
        Output Sync needed: False
        SC shield enabled: False
        POR State: INP_DIS_HI_Z
        LCD Mode: COMMON
        Register Mode: RegComb
        CaSense Mode: NEITHER
        Treat as pin: True
        Is OE Registered: False
        Uses Analog: False
        Can contain Digital: True
        Is SIO: False
        SIO Output Buf: NONREGULATED
        SIO Input Buf: SINGLE_ENDED
        SIO HiFreq: LOW
        SIO Hyst: DISABLED
        SIO Vtrip: MULTIPLIER_0_5
        SIO Multiplier Index: 0
        SIO RefSel: VCC_IO
        Required Capabilities: DIGITAL
        Initial Value: 1
        IO Voltage: 0
    PORT MAP (
        pa_out => \I2C:sda(0)\__PA ,
        fb => Net_105 ,
        pad => \I2C:sda(0)_PAD\ );
    Properties:
    {
    }

[IoId=3]: 
Pin : Name = MAX30102_int(0)
    Attributes:
        In Group/Port: True
        In Sync Option: NOSYNC
        Out Sync Option: AUTO
        Interrupt generated: True
        Interrupt mode: FALLING
        Drive mode: HI_Z_ANALOG
        VTrip: CMOS
        Slew: FAST
        Input Sync needed: False
        Output Sync needed: False
        SC shield enabled: False
        POR State: INP_DIS_HI_Z
        LCD Mode: COMMON
        Register Mode: RegComb
        CaSense Mode: NEITHER
        Treat as pin: False
        Is OE Registered: False
        Uses Analog: False
        Can contain Digital: True
        Is SIO: False
        SIO Output Buf: NONREGULATED
        SIO Input Buf: SINGLE_ENDED
        SIO HiFreq: LOW
        SIO Hyst: DISABLED
        SIO Vtrip: MULTIPLIER_0_5
        SIO Multiplier Index: 0
        SIO RefSel: VCC_IO
        Required Capabilities: DIGITAL
        Initial Value: 0
        IO Voltage: 0
    PORT MAP (
        pa_out => MAX30102_int(0)__PA ,
        pad => MAX30102_int(0)_PAD );
    Properties:
    {
    }

[IoId=6]: 
Pin : Name = CY_CPUSS_SWJ_SWDIO_TMS(0)
    Attributes:
        In Group/Port: True
        In Sync Option: AUTO
        Out Sync Option: AUTO
        Interrupt generated: False
        Interrupt mode: NONE
        Drive mode: RES_PULL_UP
        VTrip: CMOS
        Slew: FAST
        Input Sync needed: False
        Output Sync needed: False
        SC shield enabled: False
        POR State: INP_DIS_HI_Z
        LCD Mode: COMMON
        Register Mode: RegComb
        CaSense Mode: NEITHER
        Treat as pin: True
        Is OE Registered: False
        Uses Analog: False
        Can contain Digital: True
        Is SIO: False
        SIO Output Buf: NONREGULATED
        SIO Input Buf: SINGLE_ENDED
        SIO HiFreq: LOW
        SIO Hyst: DISABLED
        SIO Vtrip: MULTIPLIER_0_5
        SIO Multiplier Index: 0
        SIO RefSel: VCC_IO
        Required Capabilities: DIGITAL
        Initial Value: 0
        IO Voltage: 0
    PORT MAP (
        pa_out => CY_CPUSS_SWJ_SWDIO_TMS(0)__PA ,
        fb => CPUSS_swj_swdio_tms );
    Properties:
    {
    }

[IoId=7]: 
Pin : Name = CY_CPUSS_SWJ_SWCLK_TCLK(0)
    Attributes:
        In Group/Port: True
        In Sync Option: AUTO
        Out Sync Option: AUTO
        Interrupt generated: False
        Interrupt mode: NONE
        Drive mode: RES_PULL_DOWN
        VTrip: CMOS
        Slew: FAST
        Input Sync needed: False
        Output Sync needed: False
        SC shield enabled: False
        POR State: INP_DIS_HI_Z
        LCD Mode: COMMON
        Register Mode: RegComb
        CaSense Mode: NEITHER
        Treat as pin: True
        Is OE Registered: False
        Uses Analog: False
        Can contain Digital: True
        Is SIO: False
        SIO Output Buf: NONREGULATED
        SIO Input Buf: SINGLE_ENDED
        SIO HiFreq: LOW
        SIO Hyst: DISABLED
        SIO Vtrip: MULTIPLIER_0_5
        SIO Multiplier Index: 0
        SIO RefSel: VCC_IO
        Required Capabilities: DIGITAL
        Initial Value: 0
        IO Voltage: 0
    PORT MAP (
        pa_out => CY_CPUSS_SWJ_SWCLK_TCLK(0)__PA ,
        fb => CPUSS_swj_swclk_tclk );
    Properties:
    {
    }

Port 7 contains the following IO cells:
[IoId=2]: 
Pin : Name = Charge_led(0)
    Attributes:
        In Group/Port: True
        In Sync Option: AUTO
        Out Sync Option: NOSYNC
        Interrupt generated: False
        Interrupt mode: NONE
        Drive mode: CMOS_OUT
        VTrip: CMOS
        Slew: FAST
        Input Sync needed: False
        Output Sync needed: False
        SC shield enabled: False
        POR State: INP_DIS_HI_Z
        LCD Mode: COMMON
        Register Mode: RegComb
        CaSense Mode: NEITHER
        Treat as pin: True
        Is OE Registered: False
        Uses Analog: False
        Can contain Digital: True
        Is SIO: False
        SIO Output Buf: NONREGULATED
        SIO Input Buf: SINGLE_ENDED
        SIO HiFreq: LOW
        SIO Hyst: DISABLED
        SIO Vtrip: MULTIPLIER_0_5
        SIO Multiplier Index: 0
        SIO RefSel: VCC_IO
        Required Capabilities: DIGITAL, ROUTABLE
        Initial Value: 1
        IO Voltage: 0
    PORT MAP (
        pa_out => Charge_led(0)__PA ,
        pin_input => Net_174 ,
        pad => Charge_led(0)_PAD );
    Properties:
    {
    }

[IoId=3]: 
Pin : Name = Connect_led(0)
    Attributes:
        In Group/Port: True
        In Sync Option: AUTO
        Out Sync Option: NOSYNC
        Interrupt generated: False
        Interrupt mode: NONE
        Drive mode: CMOS_OUT
        VTrip: CMOS
        Slew: FAST
        Input Sync needed: False
        Output Sync needed: False
        SC shield enabled: False
        POR State: INP_DIS_HI_Z
        LCD Mode: COMMON
        Register Mode: RegComb
        CaSense Mode: NEITHER
        Treat as pin: True
        Is OE Registered: False
        Uses Analog: False
        Can contain Digital: True
        Is SIO: False
        SIO Output Buf: NONREGULATED
        SIO Input Buf: SINGLE_ENDED
        SIO HiFreq: LOW
        SIO Hyst: DISABLED
        SIO Vtrip: MULTIPLIER_0_5
        SIO Multiplier Index: 0
        SIO RefSel: VCC_IO
        Required Capabilities: DIGITAL
        Initial Value: 1
        IO Voltage: 0
    PORT MAP (
        pa_out => Connect_led(0)__PA ,
        pad => Connect_led(0)_PAD );
    Properties:
    {
    }

[IoId=4]: 
Pin : Name = Work_led(0)
    Attributes:
        In Group/Port: True
        In Sync Option: AUTO
        Out Sync Option: NOSYNC
        Interrupt generated: False
        Interrupt mode: NONE
        Drive mode: CMOS_OUT
        VTrip: CMOS
        Slew: FAST
        Input Sync needed: False
        Output Sync needed: False
        SC shield enabled: False
        POR State: INP_DIS_HI_Z
        LCD Mode: COMMON
        Register Mode: RegComb
        CaSense Mode: NEITHER
        Treat as pin: True
        Is OE Registered: False
        Uses Analog: False
        Can contain Digital: True
        Is SIO: False
        SIO Output Buf: NONREGULATED
        SIO Input Buf: SINGLE_ENDED
        SIO HiFreq: LOW
        SIO Hyst: DISABLED
        SIO Vtrip: MULTIPLIER_0_5
        SIO Multiplier Index: 0
        SIO RefSel: VCC_IO
        Required Capabilities: DIGITAL
        Initial Value: 1
        IO Voltage: 0
    PORT MAP (
        pa_out => Work_led(0)__PA ,
        pad => Work_led(0)_PAD );
    Properties:
    {
    }

Port 8 contains the following IO cells:
Port 9 contains the following IO cells:
Port 10 contains the following IO cells:
[IoId=0]: 
Pin : Name = Pin_2(0)
    Attributes:
        In Group/Port: True
        In Sync Option: AUTO
        Out Sync Option: AUTO
        Interrupt generated: False
        Interrupt mode: NONE
        Drive mode: HI_Z_ANALOG
        VTrip: CMOS
        Slew: FAST
        Input Sync needed: False
        Output Sync needed: False
        SC shield enabled: False
        POR State: INP_DIS_HI_Z
        LCD Mode: COMMON
        Register Mode: RegComb
        CaSense Mode: NEITHER
        Treat as pin: True
        Is OE Registered: False
        Uses Analog: True
        Can contain Digital: False
        Is SIO: False
        SIO Output Buf: NONREGULATED
        SIO Input Buf: SINGLE_ENDED
        SIO HiFreq: LOW
        SIO Hyst: DISABLED
        SIO Vtrip: MULTIPLIER_0_5
        SIO Multiplier Index: 0
        SIO RefSel: VCC_IO
        Required Capabilities: ANALOG
        Initial Value: 1
        IO Voltage: 0
    PORT MAP (
        pa_out => Pin_2(0)__PA ,
        analog_term => Net_41 ,
        pad => Pin_2(0)_PAD );
    Properties:
    {
    }

[IoId=1]: 
Pin : Name = Pin_3(0)
    Attributes:
        In Group/Port: True
        In Sync Option: AUTO
        Out Sync Option: AUTO
        Interrupt generated: False
        Interrupt mode: NONE
        Drive mode: HI_Z_ANALOG
        VTrip: CMOS
        Slew: FAST
        Input Sync needed: False
        Output Sync needed: False
        SC shield enabled: False
        POR State: INP_DIS_HI_Z
        LCD Mode: COMMON
        Register Mode: RegComb
        CaSense Mode: NEITHER
        Treat as pin: True
        Is OE Registered: False
        Uses Analog: True
        Can contain Digital: False
        Is SIO: False
        SIO Output Buf: NONREGULATED
        SIO Input Buf: SINGLE_ENDED
        SIO HiFreq: LOW
        SIO Hyst: DISABLED
        SIO Vtrip: MULTIPLIER_0_5
        SIO Multiplier Index: 0
        SIO RefSel: VCC_IO
        Required Capabilities: ANALOG
        Initial Value: 1
        IO Voltage: 0
    PORT MAP (
        pa_out => Pin_3(0)__PA ,
        analog_term => Net_144 ,
        pad => Pin_3(0)_PAD );
    Properties:
    {
    }

[IoId=3]: 
Pin : Name = Pin_1(0)
    Attributes:
        In Group/Port: True
        In Sync Option: AUTO
        Out Sync Option: AUTO
        Interrupt generated: False
        Interrupt mode: NONE
        Drive mode: HI_Z_ANALOG
        VTrip: CMOS
        Slew: FAST
        Input Sync needed: False
        Output Sync needed: False
        SC shield enabled: False
        POR State: INP_DIS_HI_Z
        LCD Mode: COMMON
        Register Mode: RegComb
        CaSense Mode: NEITHER
        Treat as pin: True
        Is OE Registered: False
        Uses Analog: True
        Can contain Digital: False
        Is SIO: False
        SIO Output Buf: NONREGULATED
        SIO Input Buf: SINGLE_ENDED
        SIO HiFreq: LOW
        SIO Hyst: DISABLED
        SIO Vtrip: MULTIPLIER_0_5
        SIO Multiplier Index: 0
        SIO RefSel: VCC_IO
        Required Capabilities: ANALOG
        Initial Value: 1
        IO Voltage: 0
    PORT MAP (
        pa_out => Pin_1(0)__PA ,
        analog_term => Net_39 ,
        pad => Pin_1(0)_PAD );
    Properties:
    {
    }

Port 11 contains the following IO cells:
Port 12 contains the following IO cells:
Port 13 contains the following IO cells:
Clock group 0: 
    Clock Block @ F(Clock,0): 
    Clock: Name =ClockBlock
        PORT MAP (
            imo => ClockBlock_IMO ,
            ext => ClockBlock_ExtClk ,
            altHf => ClockBlock_AltHF ,
            eco => ClockBlock_ECO ,
            fll => ClockBlock_FLL ,
            pll_0 => ClockBlock_PLL0 ,
            hfclk_0 => ClockBlock_HFClk0 ,
            hfclk_1 => ClockBlock_HFClk1 ,
            hfclk_2 => ClockBlock_HFClk2 ,
            hfclk_3 => ClockBlock_HFClk3 ,
            hfclk_4 => ClockBlock_HFClk4 ,
            fastclk => ClockBlock_FastClk ,
            periclk => ClockBlock_PeriClk ,
            slowclk => ClockBlock_SlowClk ,
            ilo => ClockBlock_ILO ,
            wco => ClockBlock_WCO ,
            lfclk => ClockBlock_LFClk ,
            ff_div_0 => \I2C:clock_wire_ff0\ ,
            ff_div_1 => \UART:Net_847_ff1\ ,
            ff_div_49 => \ADC:Net_428_ff49\ );
        Properties:
        {
        }
LCD group 0: empty
Vref group 0: 
    Vref Block @ F(Vref,1): 
    vrefcell: Name =\ADC:vssa_kelvin_1\
        PORT MAP (
            vout => \ADC:Net_1405\ );
        Properties:
        {
            autoenable = 1
            guid = "27E55207-D708-4E0A-9CA9-208BEFB90B23"
            ignoresleep = 0
            name = "CY_INTERNAL_VSSA_KELVIN"
        }
    Vref Block @ F(Vref,2): 
    vrefcell: Name =\ADC:vRef_4\
        PORT MAP (
            vout => \ADC:Net_1379\ );
        Properties:
        {
            autoenable = 1
            guid = "6E0C5DC9-D531-4D01-9B49-536487FE4A82"
            ignoresleep = 0
            name = "Bandgap Reference"
        }
    Vref Block @ F(Vref,5): 
    vrefcell: Name =\ADC:vRef_8\
        PORT MAP (
            vout => \ADC:Net_102\ );
        Properties:
        {
            autoenable = 1
            guid = "A74A229D-E18B-4A00-BEEC-CCDCB446AC07 "
            ignoresleep = 0
            name = ""
        }
LPCOMP group 0: empty
SCB group 0: 
    SCB @ F(SCB,3): 
    SCB: Name =\I2C:SCB\
        PORT MAP (
            clock => \I2C:clock_wire_ff0\ ,
            uart_tx => \I2C:Net_1062\ ,
            uart_rts => \I2C:Net_1053\ ,
            i2c_scl => Net_104 ,
            i2c_sda => Net_105 ,
            interrupt => \I2C:intr_wire\ ,
            tr_tx_req => \I2C:Net_162\ ,
            tr_rx_req => \I2C:Net_163\ ,
            tr_i2c_scl_filtered => Net_106 );
        Properties:
        {
            cy_registers = ""
            master = 1
            mode = 0
            requires_io_preconfigure = 1
        }
    SCB @ F(SCB,5): 
    SCB: Name =\UART:SCB\
        PORT MAP (
            clock => \UART:Net_847_ff1\ ,
            uart_rx => Net_50 ,
            uart_tx => Net_44 ,
            uart_rts => \UART:rts_wire\ ,
            interrupt => \UART:intr_wire\ ,
            tr_tx_req => Net_136 ,
            tr_rx_req => Net_135 ,
            tr_i2c_scl_filtered => \UART:Net_161\ );
        Properties:
        {
            cy_registers = ""
            master = 0
            mode = 2
            requires_io_preconfigure = 0
        }
CSD group 0: empty
CSIDAC7 group 0: empty
TCPWM group 0: empty
OA group 0: empty
TEMP group 0: empty
SARADC group 0: 
    SAR ADC @ F(SARADC,0): 
    SARADC: Name =\ADC:SAR\
        PORT MAP (
            vplus => \ADC:muxoutPlus\ ,
            vminus => \ADC:muxoutMinus\ ,
            vref => \ADC:Net_1448\ ,
            ext_vref => \ADC:Net_105\ ,
            dsi_sar_sample_done => Net_235 ,
            dsi_sar_chan_id_valid => Net_237 ,
            dsi_sar_data_valid => Net_239 ,
            tr_sar_out => Net_236 ,
            dsi_sar_data_11 => Net_240_11 ,
            dsi_sar_data_10 => Net_240_10 ,
            dsi_sar_data_9 => Net_240_9 ,
            dsi_sar_data_8 => Net_240_8 ,
            dsi_sar_data_7 => Net_240_7 ,
            dsi_sar_data_6 => Net_240_6 ,
            dsi_sar_data_5 => Net_240_5 ,
            dsi_sar_data_4 => Net_240_4 ,
            dsi_sar_data_3 => Net_240_3 ,
            dsi_sar_data_2 => Net_240_2 ,
            dsi_sar_data_1 => Net_240_1 ,
            dsi_sar_data_0 => Net_240_0 ,
            dsi_sar_chan_id_3 => Net_238_3 ,
            dsi_sar_chan_id_2 => Net_238_2 ,
            dsi_sar_chan_id_1 => Net_238_1 ,
            dsi_sar_chan_id_0 => Net_238_0 ,
            clock => \ADC:Net_428_ff49\ ,
            interrupt => \ADC:Net_423\ );
        Properties:
        {
            cy_registers = ""
            edge_trigger = 1
        }
CLK_GEN group 0: 
    MxS40 Clock Gen Block @ F(CLK_GEN,0): 
    CLK_GEN: Name =ClockGenBlock
        PORT MAP (
             );
        Properties:
        {
        }
LPCOMPBLOCK group 0: empty
PASSBLOCK group 0: empty
BLE group 0: 
    Bluetooth Low Energy @ F(BLE,0): 
    BLE: Name =\BLE:cy_mxs40_ble\
        PORT MAP (
            ext_pa_lna_chip_en_out => Net_167 ,
            ext_lna_rx_ctl_out => Net_166 ,
            ext_pa_tx_ctl_out => Net_165 ,
            interrupt => \BLE:Net_1\ );
        Properties:
        {
            cy_registers = ""
            low_power = 1
        }
SMIF group 0: empty
SmartIO group 0: empty
CRYPTO group 0: empty
PROFILE group 0: empty
SRSS group 0: 
    SRSS @ F(SRSS,0): 
    SRSS: Name =SRSS
        PORT MAP (
            wco_in => SRSS_wco_in ,
            wco_out => SRSS_wco_out );
        Properties:
        {
        }
CPUSS group 0: 
    CPUSS Block @ F(CPUSS,0): 
    CPUSS: Name =CPUSS
        PORT MAP (
            swj_swclk_tclk => CPUSS_swj_swclk_tclk ,
            swj_swdio_tms => CPUSS_swj_swdio_tms );
        Properties:
        {
        }
IOSS group 0: empty
UDB group 0: empty
IPC group 0: empty
I2S group 0: empty
PDM group 0: empty
CTDAC group 0: empty
SAMPLEHOLD group 0: empty
MCWDT group 0: 
    MCWDT @ F(MCWDT,0): 
    MCWDT: Name =\MCWDT:MCWDT\
        PORT MAP (
            interrupt => Net_123 );
        Properties:
        {
            cy_registers = ""
        }
RTC group 0: 
    Real Time Clock @ F(RTC,0): 
    RTC: Name =\RTC_1:RTC\
        PORT MAP (
            interrupt => \RTC_1:Net_3\ );
        Properties:
        {
            cy_registers = ""
        }

Blocks not positioned by the digital component placer:
    SarMux @ <No Location>: 
    mxs40_sarmux: Name =\ADC:SARMUX\
        PORT MAP (
            muxin_plus_1 => Net_41 ,
            muxin_plus_0 => Net_39 ,
            muxin_minus_1 => Net_144 ,
            muxin_minus_0 => \ADC:Net_213\ ,
            cmn_neg_0 => \ADC:Net_1405\ ,
            muxout_plus => \ADC:muxoutPlus\ ,
            muxout_minus => \ADC:muxoutMinus\ );
        Properties:
        {
            cmn_neg_width = 1
            cy_registers = ""
            input_mode = "01"
            muxin_width = 2
        }
</CYPRESSTAG>
<CYPRESSTAG name="Port Configuration Details">

------------------------------------------------------------
Port Configuration report
------------------------------------------------------------
     |     |       | Interrupt |                  |                            | 
Port | Pin | Fixed |      Type |       Drive Mode |                       Name | Connections
-----+-----+-------+-----------+------------------+----------------------------+-------------------------
   0 |   0 |     * |      NONE |      HI_Z_ANALOG |          CY_SRSS_WCO_IN(0) | Analog(SRSS_wco_in)
     |   1 |     * |      NONE |      HI_Z_ANALOG |         CY_SRSS_WCO_OUT(0) | Analog(SRSS_wco_out)
-----+-----+-------+-----------+------------------+----------------------------+-------------------------
   5 |   0 |     * |      NONE |      HI_Z_ANALOG |                 Uart_RX(0) | FB(Net_50)
     |   1 |     * |      NONE |         CMOS_OUT |                 Uart_TX(0) | In(Net_44)
     |   5 |     * |      NONE |         CMOS_OUT |         MAX30102_enable(0) | 
     |   6 |     * |      NONE |      HI_Z_ANALOG |           Charge_status(0) | FB(Net_174)
-----+-----+-------+-----------+------------------+----------------------------+-------------------------
   6 |   0 |     * |      NONE |    OPEN_DRAIN_LO |               \I2C:scl(0)\ | FB(Net_104)
     |   1 |     * |      NONE |    OPEN_DRAIN_LO |               \I2C:sda(0)\ | FB(Net_105)
     |   3 |     * |   FALLING |      HI_Z_ANALOG |            MAX30102_int(0) | 
     |   6 |     * |      NONE |      RES_PULL_UP |  CY_CPUSS_SWJ_SWDIO_TMS(0) | FB(CPUSS_swj_swdio_tms)
     |   7 |     * |      NONE |    RES_PULL_DOWN | CY_CPUSS_SWJ_SWCLK_TCLK(0) | FB(CPUSS_swj_swclk_tclk)
-----+-----+-------+-----------+------------------+----------------------------+-------------------------
   7 |   2 |     * |      NONE |         CMOS_OUT |              Charge_led(0) | In(Net_174)
     |   3 |     * |      NONE |         CMOS_OUT |             Connect_led(0) | 
     |   4 |     * |      NONE |         CMOS_OUT |                Work_led(0) | 
-----+-----+-------+-----------+------------------+----------------------------+-------------------------
  10 |   0 |     * |      NONE |      HI_Z_ANALOG |                   Pin_2(0) | Analog(Net_41)
     |   1 |     * |      NONE |      HI_Z_ANALOG |                   Pin_3(0) | Analog(Net_144)
     |   3 |     * |      NONE |      HI_Z_ANALOG |                   Pin_1(0) | Analog(Net_39)
---------------------------------------------------------------------------------------------------------
</CYPRESSTAG>
</CYPRESSTAG>
</CYPRESSTAG>
Digital component placer commit/Report: Elapsed time ==> 0s.030ms
Digital Placement phase: Elapsed time ==> 5s.982ms
</CYPRESSTAG>
<CYPRESSTAG name="Digital Routing">
"C:\Program Files (x86)\Cypress\PSoC Creator\4.3\PSoC Creator\bin/sjrouter.exe" --xml-path "C:\Program Files (x86)\Cypress\PSoC Creator\4.3\PSoC Creator\dev\psoc6/0/route_arch-rrg.cydata" --vh2-path "Design01_r.vh2" --pcf-path "Design01.pco" --des-name "Design01" --dsf-path "Design01.dsf" --sdc-path "Design01.sdc" --lib-path "Design01_r.lib"
Routing successful.
Digital Routing phase: Elapsed time ==> 1s.178ms
</CYPRESSTAG>
<CYPRESSTAG name="Bitstream Generation">
Bitstream Generation phase: Elapsed time ==> 0s.528ms
</CYPRESSTAG>
<CYPRESSTAG name="Bitstream Verification">
Bitstream Verification phase: Elapsed time ==> 0s.000ms
</CYPRESSTAG>
<CYPRESSTAG name="Static timing analysis">
Timing report is in Design01_timing.html.
Static timing analysis phase: Elapsed time ==> 9s.601ms
</CYPRESSTAG>
<CYPRESSTAG name="Data reporting">
Data reporting phase: Elapsed time ==> 0s.000ms
</CYPRESSTAG>
<CYPRESSTAG name="Database update...">
Design database save phase: Elapsed time ==> 0s.187ms
</CYPRESSTAG>
cydsfit: Elapsed time ==> 20s.093ms
</CYPRESSTAG>
Fitter phase: Elapsed time ==> 20s.094ms
API generation phase: Elapsed time ==> 1s.544ms
Dependency generation phase: Elapsed time ==> 0s.010ms
Cleanup phase: Elapsed time ==> 0s.000ms
